
[[4400, 690], [3673, 690], [621, 1029], [647, 846], [655, 641], [647, 433], [621, 251], [3689, 690], [4387, 690], [29477, 690], [-31709, 690], [529, 981], [559, 823], [570, 640], [560, 458], [530, 300], [3582, 690], [27034, 690], [262, 929], [-911, 690], [393, 873], [425, 768], [434, 641], [425, 513], [394, 406], [-965, 690], [261, 352], [235, 773], [274, 785], [305, 761], [326, 707], [334, 640], [327, 573], [305, 519], [274, 494], [235, 507], [254, 640]]
         1080919 function calls (1079765 primitive calls) in 3.048 seconds

   Ordered by: internal time

   ncalls  tottime  percall  cumtime  percall filename:lineno(function)
    14578    0.608    0.000    2.467    0.000 dome_projection.py:374(dome_display_direction)
    14578    0.543    0.000    1.624    0.000 dome_projection.py:1002(flat_display_direction)
    29162    0.494    0.000    0.679    0.000 numeric.py:1406(cross)
    79594    0.274    0.000    0.597    0.000 linalg.py:1924(norm)
   223553    0.205    0.000    0.205    0.000 {numpy.core.multiarray.array}
      394    0.130    0.000    2.705    0.007 fmin_powell_script.py:8(direction_differences)
    90232    0.110    0.000    0.110    0.000 {numpy.core._dotblas.dot}
   137921    0.087    0.000    0.184    0.000 numeric.py:394(asarray)
    58324    0.055    0.000    0.055    0.000 numeric.py:1347(rollaxis)
    79594    0.047    0.000    0.047    0.000 {method 'ravel' of 'numpy.ndarray' objects}
    79597    0.037    0.000    0.069    0.000 linalg.py:111(isComplexType)
79713/79674    0.031    0.000    0.032    0.000 {issubclass}
    43735    0.031    0.000    0.031    0.000 {numpy.core.multiarray.zeros}
        1    0.024    0.024    0.031    0.031 numeric.py:1(<module>)
        1    0.023    0.023    0.048    0.048 __init__.py:166(<module>)
    29183    0.021    0.000    0.021    0.000 {numpy.core.multiarray.empty}
        1    0.019    0.019    0.019    0.019 linsolve.py:1(<module>)
        1    0.019    0.019    0.019    0.019 blas.py:143(<module>)
        1    0.018    0.018    0.018    0.018 arpack.py:7(<module>)
    29162    0.016    0.000    0.016    0.000 {numpy.core.multiarray.promote_types}
        5    0.012    0.002    0.196    0.039 __init__.py:1(<module>)
        2    0.009    0.005    0.033    0.016 __init__.py:88(<module>)
        1    0.008    0.008    2.733    2.733 fmin_powell_script.py:28(find_projector_pixels)
    11465    0.006    0.000    0.006    0.000 {min}
        2    0.006    0.003    0.006    0.003 {cPickle.dump}
        2    0.006    0.003    0.016    0.008 machar.py:113(_do_init)
    10733    0.005    0.000    0.005    0.000 {max}
      394    0.005    0.000    2.710    0.007 optimize.py:283(function_wrapper)
    20139    0.005    0.000    0.005    0.000 {method 'append' of 'list' objects}
        9    0.005    0.001    0.006    0.001 collections.py:293(namedtuple)
        1    0.004    0.004    0.014    0.014 tempfile.py:18(<module>)
   173/30    0.004    0.000    0.011    0.000 sre_parse.py:395(_parse)
        1    0.004    0.004    0.004    0.004 socket.py:45(<module>)
        1    0.004    0.004    0.038    0.038 Image.py:27(<module>)
        1    0.004    0.004    0.008    0.008 random.py:40(<module>)
        1    0.004    0.004    0.006    0.006 subprocess.py:387(<module>)
        1    0.004    0.004    0.019    0.019 utils.py:4(<module>)
        1    0.004    0.004    3.049    3.049 fmin_powell_script.py:1(<module>)
        1    0.003    0.003    0.006    0.006 collections.py:1(<module>)
   373/30    0.003    0.000    0.008    0.000 sre_compile.py:64(_compile)
        1    0.003    0.003    0.111    0.111 __init__.py:106(<module>)
        1    0.003    0.003    0.003    0.003 hashlib.py:56(<module>)
        1    0.003    0.003    0.003    0.003 __init__.py:24(<module>)
        1    0.003    0.003    0.013    0.013 misc.py:12(<module>)
        1    0.003    0.003    0.003    0.003 linesearch.py:13(<module>)
        1    0.003    0.003    0.006    0.006 __init__.py:60(<module>)
     2024    0.003    0.000    0.003    0.000 {method 'reduce' of 'numpy.ufunc' objects}
        1    0.003    0.003    0.003    0.003 case.py:1(<module>)
        1    0.003    0.003    0.003    0.003 heapq.py:31(<module>)
     2184    0.002    0.000    0.003    0.000 sre_parse.py:193(__next)
        1    0.002    0.002    0.003    0.003 __init__.py:4(<module>)
      951    0.002    0.000    0.002    0.000 {range}
        1    0.002    0.002    0.002    0.002 runner.py:1(<module>)
        1    0.002    0.002    0.024    0.024 inspect.py:25(<module>)
       74    0.002    0.000    2.709    0.037 optimize.py:1740(optimize)
        1    0.002    0.002    0.041    0.041 pilutil.py:7(<module>)
        1    0.002    0.002    0.002    0.002 npyio.py:1(<module>)
        1    0.002    0.002    0.002    0.002 basic.py:5(<module>)
        1    0.002    0.002    0.153    0.153 _minimize.py:8(<module>)
      393    0.002    0.000    2.707    0.007 optimize.py:2163(myfunc)
        1    0.002    0.002    0.007    0.007 __init__.py:597(<module>)
        1    0.002    0.002    0.007    0.007 newround.py:3(<module>)
        1    0.002    0.002    0.200    0.200 __init__.py:217(<module>)
        1    0.002    0.002    0.007    0.007 __init__.py:204(<module>)
        1    0.002    0.002    0.031    0.031 __init__.py:7(<module>)
     2024    0.002    0.000    0.008    0.000 fromnumeric.py:1772(any)
        1    0.002    0.002    0.041    0.041 optimize.py:17(<module>)
        1    0.002    0.002    0.002    0.002 __init__.py:121(<module>)
      394    0.002    0.000    0.002    0.000 {sum}
  533/197    0.002    0.000    0.002    0.000 sre_parse.py:151(getwidth)
        1    0.002    0.002    0.003    0.003 numerictypes.py:82(<module>)
      285    0.002    0.000    0.002    0.000 {__import__}
        1    0.002    0.002    0.002    0.002 pickle.py:25(<module>)
        1    0.001    0.001    0.093    0.093 __init__.py:105(<module>)
        1    0.001    0.001    0.002    0.002 io.py:34(<module>)
        1    0.001    0.001    0.004    0.004 __init__.py:38(<module>)
        1    0.001    0.001    0.001    0.001 lil.py:2(<module>)
        1    0.001    0.001    0.003    0.003 __init__.py:15(<module>)
        2    0.001    0.001    0.012    0.006 __init__.py:45(<module>)
        1    0.001    0.001    0.002    0.002 result.py:1(<module>)
        1    0.001    0.001    0.001    0.001 lapack.py:342(<module>)
     1591    0.001    0.000    0.002    0.000 sre_parse.py:141(__getitem__)
        1    0.001    0.001    0.001    0.001 shutil.py:5(<module>)
        1    0.001    0.001    0.004    0.004 ctypeslib.py:51(<module>)
9074/8870    0.001    0.000    0.001    0.000 {len}
      158    0.001    0.000    0.002    0.000 sre_compile.py:256(_optimize_charset)
        1    0.001    0.001    0.016    0.016 tokenize.py:23(<module>)
        2    0.001    0.001    0.003    0.002 __init__.py:48(<module>)
        1    0.001    0.001    0.001    0.001 _ode.py:39(<module>)
        1    0.001    0.001    0.001    0.001 dis.py:1(<module>)
        2    0.001    0.001    0.021    0.010 __init__.py:3(<module>)
        1    0.001    0.001    0.001    0.001 loader.py:1(<module>)
     2024    0.001    0.000    0.002    0.000 numeric.py:464(asanyarray)
     1880    0.001    0.000    0.003    0.000 sre_parse.py:212(get)
        1    0.001    0.001    0.001    0.001 basic.py:7(<module>)
        1    0.001    0.001    0.003    0.003 index_tricks.py:1(<module>)
       40    0.001    0.000    0.001    0.000 _inspect.py:120(getargspec)
     2024    0.001    0.000    0.004    0.000 {method 'any' of 'numpy.ndarray' objects}
        1    0.001    0.001    0.003    0.003 iterative.py:1(<module>)
        1    0.001    0.001    0.001    0.001 csr.py:1(<module>)
     2600    0.001    0.000    0.001    0.000 {isinstance}
        1    0.001    0.001    0.001    0.001 linalg.py:10(<module>)
     1704    0.001    0.000    0.001    0.000 {getattr}
      282    0.001    0.000    0.002    0.000 function_base.py:3251(add_newdoc)
        2    0.001    0.000    0.001    0.001 function_base.py:1(<module>)
        1    0.001    0.001    0.003    0.003 _root.py:7(<module>)
       74    0.001    0.000    2.712    0.037 optimize.py:2157(_linesearch_powell)
       74    0.001    0.000    2.710    0.037 optimize.py:1912(_minimize_scalar_brent)
     2024    0.001    0.000    0.003    0.000 _methods.py:37(_any)
   110/30    0.001    0.000    0.012    0.000 sre_parse.py:317(_parse_sub)
      158    0.001    0.000    0.023    0.000 re.py:230(_compile)
        1    0.001    0.001    0.101    0.101 lbfgsb.py:9(<module>)
        1    0.001    0.001    0.001    0.001 {function seed at 0x106b72848}
        1    0.001    0.001    0.002    0.002 __init__.py:56(<module>)
        1    0.001    0.001    0.003    0.003 _ellip_harm.py:1(<module>)
        1    0.001    0.001    0.049    0.049 __init__.py:40(<module>)
        1    0.001    0.001    0.001    0.001 arrayprint.py:5(<module>)
        7    0.001    0.000    0.001    0.000 {compile}
      158    0.001    0.000    0.003    0.000 sre_compile.py:228(_compile_charset)
        1    0.001    0.001    0.002    0.002 core.py:21(<module>)
       60    0.001    0.000    0.001    0.000 {built-in method __new__ of type object at 0x106303798}
        2    0.000    0.000    0.051    0.026 __init__.py:8(<module>)
       74    0.000    0.000    1.519    0.021 optimize.py:2056(bracket)
        1    0.000    0.000    0.001    0.001 matfuncs.py:5(<module>)
        2    0.000    0.000    0.000    0.000 {open}
        1    0.000    0.000    0.005    0.005 decimal.py:116(<module>)
       76    0.000    0.000    0.001    0.000 fromnumeric.py:1083(squeeze)
     1054    0.000    0.000    0.001    0.000 sre_parse.py:206(match)
       19    0.000    0.000    0.001    0.000 abc.py:86(__new__)
        1    0.000    0.000    0.001    0.001 polynomial.py:55(<module>)
       74    0.000    0.000    2.711    0.037 optimize.py:1855(brent)
        1    0.000    0.000    0.007    0.007 misc.py:37(<module>)
        1    0.000    0.000    0.024    0.024 iterators.py:33(<module>)
        1    0.000    0.000    2.718    2.718 optimize.py:2287(_minimize_powell)
       15    0.000    0.000    0.001    0.000 six.py:209(exec_)
        1    0.000    0.000    0.000    0.000 quadpack.py:3(<module>)
        1    0.000    0.000    0.000    0.000 ImageFilter.py:18(<module>)
        1    0.000    0.000    0.049    0.049 _trustregion_dogleg.py:1(<module>)
      592    0.000    0.000    0.000    0.000 {abs}
        1    0.000    0.000    0.019    0.019 __init__.py:19(<module>)
        1    0.000    0.000    0.000    0.000 __init__.py:10(<module>)
        1    0.000    0.000    0.000    0.000 cobyla.py:11(<module>)
      167    0.000    0.000    0.001    0.000 sre_compile.py:428(_simple)
        1    0.000    0.000    0.000    0.000 flinalg.py:5(<module>)
        1    0.000    0.000    0.000    0.000 odepack.py:2(<module>)
        1    0.000    0.000    0.000    0.000 newint.py:7(<module>)
      773    0.000    0.000    0.000    0.000 sre_parse.py:137(__len__)
        1    0.000    0.000    0.000    0.000 compressed.py:1(<module>)
       32    0.000    0.000    0.000    0.000 sre_compile.py:411(_mk_bitmap)
        1    0.000    0.000    0.002    0.002 nonlin.py:109(<module>)
        1    0.000    0.000    0.000    0.000 {cPickle.load}
        1    0.000    0.000    0.074    0.074 type_check.py:3(<module>)
        1    0.000    0.000    0.020    0.020 misc.py:1(<module>)
      548    0.000    0.000    0.000    0.000 {method 'find' of 'bytearray' objects}
       12    0.000    0.000    0.000    0.000 {dir}
        1    0.000    0.000    0.000    0.000 _validation.py:1(<module>)
        1    0.000    0.000    0.019    0.019 __init__.py:52(<module>)
        1    0.000    0.000    0.000    0.000 slsqp.py:14(<module>)
      545    0.000    0.000    0.000    0.000 sre_parse.py:149(append)
        1    0.000    0.000    0.001    0.001 base.py:1(<module>)
        1    0.000    0.000    0.002    0.002 polynomial.py:4(<module>)
        1    0.000    0.000    0.087    0.087 add_newdocs.py:10(<module>)
       78    0.000    0.000    0.000    0.000 _weakrefset.py:36(__init__)
        1    0.000    0.000    0.000    0.000 tnc.py:33(<module>)
        1    0.000    0.000    0.000    0.000 minpack.py:1(<module>)
        1    0.000    0.000    0.000    0.000 defmatrix.py:1(<module>)
        1    0.000    0.000    0.000    0.000 fftpack.py:32(<module>)
        1    0.000    0.000    0.000    0.000 nnls.py:1(<module>)
        1    0.000    0.000    0.000    0.000 {posix.urandom}
        1    0.000    0.000    0.001    0.001 newbytes.py:6(<module>)
        1    0.000    0.000    0.020    0.020 newrange.py:19(<module>)
        1    0.000    0.000    0.001    0.001 threading.py:1(<module>)
      349    0.000    0.000    0.000    0.000 {method 'strip' of 'str' objects}
        1    0.000    0.000    0.000    0.000 six.py:1(<module>)
     1020    0.000    0.000    0.000    0.000 {method 'startswith' of 'str' objects}
       77    0.000    0.000    0.000    0.000 {method 'format' of 'str' objects}
        1    0.000    0.000    0.000    0.000 zeros.py:1(<module>)
       30    0.000    0.000    0.002    0.000 sre_compile.py:433(_compile_info)
      373    0.000    0.000    0.000    0.000 sre_parse.py:92(__init__)
        1    0.000    0.000    0.049    0.049 matfuncs.py:3(<module>)
        2    0.000    0.000    0.001    0.000 _version.py:7(<module>)
    27/18    0.000    0.000    0.001    0.000 abc.py:148(__subclasscheck__)
       30    0.000    0.000    0.022    0.001 sre_compile.py:567(compile)
        1    0.000    0.000    0.000    0.000 __init__.py:9(<module>)
        1    0.000    0.000    0.000    0.000 _trustregion_ncg.py:1(<module>)
       42    0.000    0.000    0.000    0.000 nosetester.py:181(__init__)
       30    0.000    0.000    0.012    0.000 sre_parse.py:706(parse)
        1    0.000    0.000    0.002    0.002 _internal.py:6(<module>)
        1    0.000    0.000    0.000    0.000 __init__.py:1013(__init__)
        7    0.000    0.000    0.000    0.000 decorator.py:73(__init__)
        5    0.000    0.000    0.000    0.000 __init__.py:106(with_metaclass)
       10    0.000    0.000    0.000    0.000 __init__.py:134(__new__)
        1    0.000    0.000    0.000    0.000 interface.py:41(<module>)
        1    0.000    0.000    0.000    0.000 fromnumeric.py:3(<module>)
        3    0.000    0.000    0.000    0.000 numeric.py:351(extend_all)
        1    0.000    0.000    0.003    0.003 main.py:1(<module>)
       74    0.000    0.000    1.519    0.021 optimize.py:1709(get_bracket_info)
       74    0.000    0.000    0.000    0.000 optimize.py:1692(__init__)
        1    0.000    0.000    0.000    0.000 <string>:1(<module>)
      324    0.000    0.000    0.000    0.000 collections.py:337(<genexpr>)
        1    0.000    0.000    0.000    0.000 contextlib.py:1(<module>)
        1    0.000    0.000    0.001    0.001 util.py:1(<module>)
      126    0.000    0.000    0.000    0.000 {method 'join' of 'str' objects}
        1    0.000    0.000    0.000    0.000 defchararray.py:17(<module>)
        1    0.000    0.000    0.000    0.000 _iotools.py:3(<module>)
       31    0.000    0.000    0.000    0.000 _inspect.py:159(formatargspec)
        1    0.000    0.000    0.001    0.001 dome_projection.py:41(__init__)
        8    0.000    0.000    0.000    0.000 __init__.py:78(CFUNCTYPE)
        7    0.000    0.000    0.001    0.000 nonlin.py:1492(_nonlin_wrapper)
        1    0.000    0.000    0.000    0.000 newlist.py:13(<module>)
        1    0.000    0.000    0.000    0.000 opcode.py:5(<module>)
        1    0.000    0.000    0.000    0.000 Image.py:482(Image)
       42    0.000    0.000    0.000    0.000 posixpath.py:120(dirname)
      150    0.000    0.000    0.000    0.000 {method 'squeeze' of 'numpy.generic' objects}
        7    0.000    0.000    0.001    0.000 decorator.py:134(make)
      329    0.000    0.000    0.000    0.000 {method 'get' of 'dict' objects}
        1    0.000    0.000    0.000    0.000 signals.py:1(<module>)
        1    0.000    0.000    0.000    0.000 extras.py:10(<module>)
       11    0.000    0.000    0.000    0.000 {eval}
       36    0.000    0.000    0.000    0.000 functools.py:17(update_wrapper)
      102    0.000    0.000    0.000    0.000 sre_parse.py:268(_escape)
        1    0.000    0.000    0.000    0.000 defmatrix.py:206(matrix)
        1    0.000    0.000    0.000    0.000 _basinhopping.py:3(<module>)
      512    0.000    0.000    0.000    0.000 {chr}
       75    0.000    0.000    0.000    0.000 abc.py:89(<genexpr>)
        1    0.000    0.000    0.000    0.000 nonlin.py:667(GenericBroyden)
        1    0.000    0.000    0.000    0.000 numerictypes.py:305(_add_aliases)
        1    0.000    0.000    0.000    0.000 decimal.py:505(Decimal)
       31    0.000    0.000    0.000    0.000 _inspect.py:61(getargs)
        2    0.000    0.000    0.000    0.000 _util.py:1(<module>)
      251    0.000    0.000    0.000    0.000 {setattr}
        1    0.000    0.000    0.000    0.000 records.py:36(<module>)
        1    0.000    0.000    0.000    0.000 polyutils.py:45(<module>)
      126    0.000    0.000    0.001    0.000 re.py:138(match)
       14    0.000    0.000    0.000    0.000 inspect.py:744(getargs)
        2    0.000    0.000    0.000    0.000 utils.py:1(<module>)
       30    0.000    0.000    0.000    0.000 {_sre.compile}
       63    0.000    0.000    0.000    0.000 _weakrefset.py:58(__iter__)
      279    0.000    0.000    0.000    0.000 {numpy.lib._compiled_base.add_docstring}
       26    0.000    0.000    0.000    0.000 numerictypes.py:233(bitname)
        6    0.000    0.000    0.001    0.000 _version.py:55(__init__)
        1    0.000    0.000    0.000    0.000 data.py:7(<module>)
       30    0.000    0.000    0.010    0.000 sre_compile.py:552(_code)
       23    0.000    0.000    0.000    0.000 core.py:6068(getdoc)
      497    0.000    0.000    0.000    0.000 {ord}
       62    0.000    0.000    0.000    0.000 sre_parse.py:74(opengroup)
        1    0.000    0.000    0.000    0.000 core.py:761(_DomainTan)
        1    0.000    0.000    0.000    0.000 suite.py:1(<module>)
        1    0.000    0.000    0.000    0.000 <string>:1(Match)
       27    0.000    0.000    0.000    0.000 core.py:834(__init__)
        6    0.000    0.000    0.000    0.000 inspect.py:845(formatargspec)
        1    0.000    0.000    0.000    0.000 orthogonal.py:90(<module>)
        1    0.000    0.000    0.000    0.000 _endian.py:4(<module>)
        9    0.000    0.000    0.016    0.002 getlimits.py:93(__new__)
        1    0.000    0.000    0.000    0.000 newstr.py:41(<module>)
        1    0.000    0.000    0.000    0.000 _datasource.py:35(<module>)
       42    0.000    0.000    0.000    0.000 {all}
       26    0.000    0.000    0.022    0.001 re.py:192(compile)
        2    0.000    0.000    0.016    0.008 getlimits.py:126(_init)
        1    0.000    0.000    0.000    0.000 linalg.py:296(solve)
        1    0.000    0.000    0.000    0.000 scimath.py:17(<module>)
        7    0.000    0.000    0.000    0.000 utils.py:69(__call__)
        1    0.000    0.000    0.000    0.000 newrange.py:30(newrange)
       31    0.000    0.000    0.000    0.000 abc.py:128(__instancecheck__)
       31    0.000    0.000    0.000    0.000 __init__.py:139(decorator)
       40    0.000    0.000    0.001    0.000 core.py:109(get_object_signature)
      173    0.000    0.000    0.000    0.000 {_sre.getlower}
      136    0.000    0.000    0.000    0.000 {method 'match' of '_sre.SRE_Pattern' objects}
        1    0.000    0.000    0.000    0.000 core.py:2586(MaskedArray)
       74    0.000    0.000    0.000    0.000 optimize.py:1848(get_result)
        1    0.000    0.000    0.000    0.000 newobject.py:38(<module>)
        1    0.000    0.000    0.000    0.000 __init__.py:332(CDLL)
        1    0.000    0.000    0.000    0.000 sputils.py:2(<module>)
        1    0.000    0.000    0.000    0.000 bsr.py:1(<module>)
       14    0.000    0.000    0.000    0.000 inspect.py:804(getargspec)
        1    0.000    0.000    0.000    0.000 quadrature.py:1(<module>)
       60    0.000    0.000    0.000    0.000 sre_compile.py:546(isstring)
       18    0.000    0.000    0.000    0.000 sre_parse.py:227(isname)
        3    0.000    0.000    0.000    0.000 __init__.py:493(PYFUNCTYPE)
        1    0.000    0.000    0.000    0.000 decorator.py:29(<module>)
      167    0.000    0.000    0.000    0.000 sre_parse.py:145(__setitem__)
       74    0.000    0.000    0.000    0.000 _inspect.py:152(strseq)
       31    0.000    0.000    0.000    0.000 __init__.py:170(no)
       28    0.000    0.000    0.000    0.000 {posix.putenv}
       61    0.000    0.000    0.000    0.000 {method 'update' of 'dict' objects}
        1    0.000    0.000    0.000    0.000 dok.py:1(<module>)
        7    0.000    0.000    0.001    0.000 decorator.py:163(create)
        2    0.000    0.000    0.000    0.000 {_ctypes.POINTER}
        1    0.000    0.000    0.000    0.000 _import_tools.py:1(<module>)
        1    0.000    0.000    0.000    0.000 numerictypes.py:289(_add_types)
        1    0.000    0.000    0.000    0.000 getlimits.py:3(<module>)
       14    0.000    0.000    0.000    0.000 __init__.py:147(_check_size)
       10    0.000    0.000    0.000    0.000 getlimits.py:150(<lambda>)
        1    0.000    0.000    0.000    0.000 coo.py:1(<module>)
       88    0.000    0.000    0.000    0.000 _weakrefset.py:70(__contains__)
       72    0.000    0.000    0.000    0.000 {sys._getframe}
      144    0.000    0.000    0.000    0.000 {method 'translate' of 'str' objects}
        1    0.000    0.000    0.000    0.000 csc.py:1(<module>)
        1    0.000    0.000    0.000    0.000 _matfuncs_sqrtm.py:6(<module>)
       13    0.000    0.000    0.014    0.001 {map}
        1    0.000    0.000    0.000    0.000 _add_newdocs.py:1(<module>)
        1    0.000    0.000    0.000    0.000 memmap.py:1(<module>)
        7    0.000    0.000    0.000    0.000 utils.py:113(deprecate)
        1    0.000    0.000    0.000    0.000 _trustregion.py:1(<module>)
        2    0.000    0.000    0.000    0.000 function_base.py:1644(__init__)
        1    0.000    0.000    0.001    0.001 difflib.py:27(<module>)
       12    0.000    0.000    0.000    0.000 ctypeslib.py:303(prep_simple)
       30    0.000    0.000    0.000    0.000 sre_parse.py:189(__init__)
        1    0.000    0.000    0.000    0.000 numerictypes.py:346(_add_integer_aliases)
        7    0.000    0.000    0.002    0.000 decorator.py:186(decorator)
      282    0.000    0.000    0.000    0.000 {method 'isalnum' of 'str' objects}
       30    0.000    0.000    0.000    0.000 numerictypes.py:451(_add_array_type)
        1    0.000    0.000    0.000    0.000 _spectral.py:3(<module>)
        1    0.000    0.000    0.000    0.000 dia.py:1(<module>)
       21    0.000    0.000    0.000    0.000 numerictypes.py:220(_evalname)
      363    0.000    0.000    0.000    0.000 {globals}
       52    0.000    0.000    0.000    0.000 {method 'items' of 'dict' objects}
        1    0.000    0.000    0.000    0.000 numerictypes.py:788(_construct_lookups)
        1    0.000    0.000    0.000    0.000 newdict.py:17(<module>)
       27    0.000    0.000    0.000    0.000 _weakrefset.py:26(__exit__)
       41    0.000    0.000    0.000    0.000 sre_parse.py:236(_class_escape)
        1    0.000    0.000    0.000    0.000 token.py:1(<module>)
        1    0.000    0.000    0.000    0.000 nosetester.py:6(<module>)
        1    0.000    0.000    0.001    0.001 numbers.py:6(<module>)
        1    0.000    0.000    0.000    0.000 _differentialevolution.py:4(<module>)
       30    0.000    0.000    0.000    0.000 sre_parse.py:67(__init__)
       43    0.000    0.000    0.000    0.000 _weakrefset.py:83(add)
       18    0.000    0.000    0.000    0.000 core.py:913(__init__)
       52    0.000    0.000    0.000    0.000 {repr}
       34    0.000    0.000    0.000    0.000 {hasattr}
        7    0.000    0.000    0.000    0.000 decorator.py:120(update)
        3    0.000    0.000    0.000    0.000 decimal.py:3783(__init__)
       74    0.000    0.000    0.000    0.000 {round}
        1    0.000    0.000    0.000    0.000 decomp.py:15(<module>)
       16    0.000    0.000    0.001    0.000 abc.py:105(register)
       36    0.000    0.000    0.000    0.000 functools.py:39(wraps)
        1    0.000    0.000    0.000    0.000 arrayterator.py:9(<module>)
       43    0.000    0.000    0.000    0.000 {method 'rfind' of 'str' objects}
       63    0.000    0.000    0.000    0.000 {method 'remove' of 'list' objects}
       25    0.000    0.000    0.000    0.000 {method 'split' of 'str' objects}
        1    0.000    0.000    0.000    0.000 _binary.py:14(<module>)
        5    0.000    0.000    0.000    0.000 getlimits.py:244(__init__)
        1    0.000    0.000    0.000    0.000 os.py:35(_get_exports_list)
      119    0.000    0.000    0.000    0.000 opcode.py:27(def_op)
        1    0.000    0.000    0.000    0.000 socket.py:183(_socketobject)
        6    0.000    0.000    0.000    0.000 numeric.py:2428(seterr)
        1    0.000    0.000    0.000    0.000 {binascii.hexlify}
       58    0.000    0.000    0.000    0.000 {method 'extend' of 'list' objects}
        8    0.000    0.000    0.000    0.000 nonlin.py:221(_set_doc)
        1    0.000    0.000    0.000    0.000 laguerre.py:59(<module>)
        4    0.000    0.000    0.001    0.000 warnings.py:49(filterwarnings)
        1    0.000    0.000    0.000    0.000 machar.py:7(<module>)
        4    0.000    0.000    0.000    0.000 {method 'astype' of 'numpy.ndarray' objects}
       62    0.000    0.000    0.000    0.000 sre_parse.py:85(closegroup)
       42    0.000    0.000    0.000    0.000 collections.py:363(<genexpr>)
        2    0.000    0.000    0.016    0.008 machar.py:97(__init__)
       74    0.000    0.000    0.000    0.000 optimize.py:1706(set_bracket)
        2    0.000    0.000    0.000    0.000 shape_base.py:1(<module>)
        1    0.000    0.000    0.000    0.000 lobpcg.py:11(<module>)
        1    0.000    0.000    0.000    0.000 stride_tricks.py:7(<module>)
       42    0.000    0.000    0.000    0.000 collections.py:361(<genexpr>)
        1    0.000    0.000    0.000    0.000 chebyshev.py:87(<module>)
       27    0.000    0.000    0.000    0.000 _weakrefset.py:20(__enter__)
        1    0.000    0.000    0.001    0.001 random.py:100(seed)
        1    0.000    0.000    0.000    0.000 common.py:4(<module>)
        1    0.000    0.000    0.000    0.000 numerictypes.py:459(_set_array_types)
       51    0.000    0.000    0.000    0.000 inspect.py:838(strseq)
        1    0.000    0.000    0.000    0.000 __init__.py:349(__init__)
      159    0.000    0.000    0.000    0.000 {method 'add' of 'set' objects}
        1    0.000    0.000    0.000    0.000 newbytes.py:32(newbytes)
        1    0.000    0.000    0.000    0.000 hermite.py:59(<module>)
       75    0.000    0.000    0.000    0.000 optimize.py:130(_check_unknown_options)
      106    0.000    0.000    0.000    0.000 sre_parse.py:221(isident)
        1    0.000    0.000    0.000    0.000 dome_projection.py:16(<module>)
        1    0.000    0.000    0.000    0.000 _polybase.py:19(ABCPolyBase)
       49    0.000    0.000    0.000    0.000 abc.py:15(abstractmethod)
       70    0.000    0.000    0.000    0.000 sre_compile.py:101(fixup)
        1    0.000    0.000    0.000    0.000 hermite_e.py:59(<module>)
        1    0.000    0.000    0.000    0.000 twodim_base.py:3(<module>)
        1    0.000    0.000    0.000    0.000 ImageMode.py:17(<module>)
        1    0.000    0.000    0.000    0.000 defchararray.py:1668(chararray)
       23    0.000    0.000    0.000    0.000 {method 'replace' of 'str' objects}
       72    0.000    0.000    0.000    0.000 numerictypes.py:131(english_lower)
        1    0.000    0.000    0.003    0.003 decomp_schur.py:1(<module>)
        1    0.000    0.000    0.000    0.000 legendre.py:83(<module>)
        3    0.000    0.000    0.000    0.000 threading.py:187(release)
       43    0.000    0.000    0.000    0.000 {method 'rstrip' of 'str' objects}
        1    0.000    0.000    0.000    0.000 __init__.py:265(_reset_cache)
        6    0.000    0.000    0.000    0.000 decimal.py:514(__new__)
        6    0.000    0.000    0.000    0.000 numeric.py:2524(geterr)
        3    0.000    0.000    0.000    0.000 threading.py:147(acquire)
       23    0.000    0.000    0.000    0.000 core.py:6063(__init__)
        1    0.000    0.000    0.000    0.000 _norm.py:3(<module>)
        1    0.000    0.000    0.000    0.000 newstr.py:64(newstr)
        1    0.000    0.000    0.000    0.000 FixTk.py:1(<module>)
        1    0.000    0.000    0.000    0.000 construct.py:2(<module>)
        1    0.000    0.000    0.000    0.000 numerictypes.py:436(_construct_char_code_lookup)
        1    0.000    0.000    0.000    0.000 format.py:136(<module>)
        3    0.000    0.000    0.000    0.000 numerictypes.py:611(obj2sctype)
       40    0.000    0.000    0.000    0.000 _inspect.py:15(ismethod)
        1    0.000    0.000    0.000    0.000 _solvers.py:1(<module>)
       28    0.000    0.000    0.000    0.000 {posix.unsetenv}
        1    0.000    0.000    0.000    0.000 minres.py:1(<module>)
        5    0.000    0.000    0.000    0.000 __init__.py:501(cast)
        1    0.000    0.000    0.000    0.000 dual.py:12(<module>)
        6    0.000    0.000    0.000    0.000 decorator.py:49(__init__)
        1    0.000    0.000    0.000    0.000 _expm_multiply.py:2(<module>)
       43    0.000    0.000    0.000    0.000 _inspect.py:163(<lambda>)
        2    0.000    0.000    0.000    0.000 {posix.stat}
        1    0.000    0.000    0.000    0.000 newint.py:31(newint)
        1    0.000    0.000    0.000    0.000 _methods.py:5(<module>)
        2    0.000    0.000    0.000    0.000 getlimits.py:148(<lambda>)
       21    0.000    0.000    0.000    0.000 {method 'keys' of 'dict' objects}
        1    0.000    0.000    0.000    0.000 pickle.py:827(Unpickler)
        1    0.000    0.000    0.000    0.000 _polybase.py:8(<module>)
       17    0.000    0.000    0.000    0.000 {method 'copy' of 'dict' objects}
        1    0.000    0.000    0.000    0.000 decomp_lu.py:1(<module>)
        1    0.000    0.000    0.000    0.000 __init__.py:1023(getLogger)
        1    0.000    0.000    0.000    0.000 {posix.uname}
       26    0.000    0.000    0.000    0.000 UserDict.py:18(__getitem__)
        1    0.000    0.000    0.000    0.000 base.py:61(spmatrix)
        1    0.000    0.000    0.000    0.000 misc.py:89(OrderedDict)
        1    0.000    0.000    0.000    0.000 os.py:475(update)
       13    0.000    0.000    0.000    0.000 dual.py:52(register_func)
        8    0.000    0.000    0.001    0.000 core.py:7290(__init__)
       12    0.000    0.000    0.000    0.000 getlimits.py:149(<lambda>)
        1    0.000    0.000    0.000    0.000 linalg.py:76(_determine_error_states)
        1    0.000    0.000    0.000    0.000 case.py:133(TestCase)
        1    0.000    0.000    0.000    0.000 atexit.py:6(<module>)
        1    0.000    0.000    0.000    0.000 compressed.py:21(_cs_matrix)
        1    0.000    0.000    0.000    0.000 numerictypes.py:387(_set_up_aliases)
        9    0.000    0.000    0.000    0.000 extras.py:245(getdoc)
        1    0.000    0.000    0.000    0.000 os.py:499(clear)
        1    0.000    0.000    0.000    0.000 decomp_svd.py:1(<module>)
        1    0.000    0.000    0.000    0.000 dome_projection.py:502(_calc_projector_focal_point)
       18    0.000    0.000    0.000    0.000 data.py:106(_create_method)
        1    0.000    0.000    0.000    0.000 lsqr.py:50(<module>)
        2    0.000    0.000    0.000    0.000 threading.py:260(__init__)
        1    0.000    0.000    0.000    0.000 pprint.py:35(<module>)
       40    0.000    0.000    0.000    0.000 _inspect.py:26(isfunction)
       18    0.000    0.000    0.000    0.000 {_struct.calcsize}
        8    0.000    0.000    0.001    0.000 core.py:7295(getdoc)
        1    0.000    0.000    0.000    0.000 <string>:1(Attribute)
        1    0.000    0.000    0.000    0.000 _iotools.py:468(StringConverter)
       27    0.000    0.000    0.000    0.000 _weakrefset.py:52(_commit_removals)
        1    0.000    0.000    0.000    0.000 numbers.py:34(Complex)
       40    0.000    0.000    0.000    0.000 numerictypes.py:158(english_upper)
        2    0.000    0.000    0.000    0.000 __init__.py:1125(__init__)
        1    0.000    0.000    0.000    0.000 special_matrices.py:1(<module>)
        1    0.000    0.000    0.000    0.000 _decomp_qz.py:1(<module>)
        6    0.000    0.000    0.000    0.000 core.py:1059(__init__)
        1    0.000    0.000    0.000    0.000 threading.py:640(Thread)
       14    0.000    0.000    0.000    0.000 numerictypes.py:185(english_capitalize)
        2    0.000    0.000    0.000    0.000 {math.log}
        1    0.000    0.000    0.000    0.000 threading.py:656(__init__)
        1    0.000    0.000    0.000    0.000 lsmr.py:17(<module>)
       14    0.000    0.000    0.000    0.000 inspect.py:67(ismethod)
        1    0.000    0.000    0.000    0.000 decomp_qr.py:1(<module>)
        1    0.000    0.000    0.000    0.000 __future__.py:48(<module>)
        1    0.000    0.000    0.000    0.000 _onenormest.py:2(<module>)
        1    0.000    0.000    0.000    0.000 os.py:506(copy)
        1    0.000    0.000    0.000    0.000 decomp_cholesky.py:1(<module>)
        1    0.000    0.000    0.000    0.000 _inspect.py:7(<module>)
        1    0.000    0.000    0.000    0.000 decorators.py:15(<module>)
        1    0.000    0.000    0.000    0.000 nanfunctions.py:16(<module>)
        1    0.000    0.000    0.000    0.000 arraypad.py:5(<module>)
        1    0.000    0.000    0.000    0.000 weakref.py:282(__init__)
       27    0.000    0.000    0.000    0.000 decimal.py:3810(<genexpr>)
        1    0.000    0.000    0.000    0.000 pickle.py:171(Pickler)
        1    0.000    0.000    0.000    0.000 linalg_version.py:1(<module>)
        1    0.000    0.000    0.000    0.000 random.py:72(Random)
        1    0.000    0.000    0.000    0.000 decimal.py:3764(Context)
       27    0.000    0.000    0.000    0.000 _weakrefset.py:16(__init__)
        1    0.000    0.000    0.000    0.000 __init__.py:663(__init__)
        1    0.000    0.000    0.000    0.000 newsuper.py:32(<module>)
        9    0.000    0.000    0.000    0.000 core.py:2433(__init__)
       24    0.000    0.000    0.000    0.000 getlimits.py:13(_frz)
        7    0.000    0.000    0.000    0.000 {numpy.core.umath.seterrobj}
        1    0.000    0.000    0.000    0.000 twodim_base.py:190(eye)
        1    0.000    0.000    0.000    0.000 lgmres.py:4(<module>)
        1    0.000    0.000    0.000    0.000 _expm_frechet.py:1(<module>)
        1    0.000    0.000    0.000    0.000 <string>:1(Traceback)
       14    0.000    0.000    0.000    0.000 <string>:8(__new__)
        1    0.000    0.000    0.000    0.000 <string>:1(ModuleInfo)
        1    0.000    0.000    0.000    0.000 _linprog.py:16(<module>)
        1    0.000    0.000    0.000    0.000 <string>:1(ArgSpec)
        5    0.000    0.000    0.000    0.000 iterative.py:70(combine)
        2    0.000    0.000    0.000    0.000 warnings.py:78(simplefilter)
       31    0.000    0.000    0.000    0.000 _inspect.py:39(iscode)
        1    0.000    0.000    0.000    0.000 weakref.py:47(__init__)
        1    0.000    0.000    0.000    0.000 matfuncs.py:346(_ExpmPadeHelper)
        1    0.000    0.000    0.000    0.000 helper.py:4(<module>)
        1    0.000    0.000    0.000    0.000 tempfile.py:507(SpooledTemporaryFile)
       20    0.000    0.000    0.000    0.000 inspect.py:142(isfunction)
        1    0.000    0.000    0.000    0.000 <string>:1(ArgInfo)
        2    0.000    0.000    0.000    0.000 threading.py:132(__init__)
        1    0.000    0.000    0.000    0.000 misc.py:732(ChainMap)
        3    0.000    0.000    0.000    0.000 numeric.py:2813(__enter__)
        1    0.000    0.000    0.000    0.000 <string>:1(Arguments)
       11    0.000    0.000    0.000    0.000 opcode.py:31(name_op)
        3    0.000    0.000    0.000    0.000 _version.py:114(_compare)
        1    0.000    0.000    0.000    0.000 <string>:1(Mismatch)
        1    0.000    0.000    2.718    2.718 optimize.py:2170(fmin_powell)
       42    0.000    0.000    0.000    0.000 {method 'isdigit' of 'str' objects}
        1    0.000    0.000    0.000    0.000 _internal.py:224(_ctypes)
        6    0.000    0.000    0.000    0.000 hashlib.py:100(__get_openssl_constructor)
        2    0.000    0.000    0.000    0.000 contextlib.py:54(contextmanager)
        1    0.000    0.000    0.000    0.000 __init__.py:1565(getLogger)
        2    0.000    0.000    0.000    0.000 misc.py:58(decorating_function)
        3    0.000    0.000    0.000    0.000 numeric.py:2809(__init__)
        1    0.000    0.000    0.000    0.000 __init__.py:1008(Manager)
        1    0.000    0.000    0.000    0.000 <string>:1(DecimalTuple)
       27    0.000    0.000    0.000    0.000 decimal.py:3817(<genexpr>)
        2    0.000    0.000    0.000    0.000 threading.py:114(RLock)
        1    0.000    0.000    0.000    0.000 StringIO.py:30(<module>)
        1    0.000    0.000    0.000    0.000 _components.py:1(<module>)
       42    0.000    0.000    0.000    0.000 {method '__contains__' of 'frozenset' objects}
        7    0.000    0.000    0.000    0.000 utils.py:64(__init__)
        3    0.000    0.000    0.000    0.000 result.py:14(failfast)
        1    0.000    0.000    0.000    0.000 numbers.py:169(Real)
        2    0.000    0.000    0.000    0.000 genericpath.py:23(exists)
        1    0.000    0.000    0.000    0.000 _decomp_polar.py:1(<module>)
        1    0.000    0.000    0.000    0.000 financial.py:10(<module>)
        1    0.000    0.000    0.000    0.000 data.py:22(_data_matrix)
       23    0.000    0.000    0.000    0.000 {method 'group' of '_sre.SRE_Match' objects}
        1    0.000    0.000    0.000    0.000 py3k.py:4(<module>)
        1    0.000    0.000    0.000    0.000 posixpath.py:329(normpath)
        6    0.000    0.000    0.000    0.000 re.py:143(search)
        1    0.000    0.000    0.000    0.000 __init__.py:1110(Logger)
        1    0.000    0.000    0.000    0.000 lil.py:19(lil_matrix)
        9    0.000    0.000    0.000    0.000 core.py:2439(getdoc)
        1    0.000    0.000    0.000    0.000 _internal.py:196(_getintp_ctype)
        1    0.000    0.000    0.000    0.000 hermite.py:1750(Hermite)
       28    0.000    0.000    0.000    0.000 os.py:472(__setitem__)
        4    0.000    0.000    0.000    0.000 {method 'release' of 'thread.lock' objects}
        1    0.000    0.000    0.000    0.000 collections.py:26(OrderedDict)
        1    0.000    0.000    0.000    0.000 __init__.py:654(Handler)
        1    0.000    0.000    0.000    0.000 __init__.py:644(_addHandlerRef)
       31    0.000    0.000    0.000    0.000 __init__.py:100(disallow_types)
        1    0.000    0.000    0.000    0.000 dome_projection.py:32(DomeProjection)
        1    0.000    0.000    0.000    0.000 __init__.py:11(<module>)
        2    0.000    0.000    0.000    0.000 __config__.py:3(<module>)
        1    0.000    0.000    0.000    0.000 utils.py:1513(WarningManager)
        1    0.000    0.000    0.000    0.000 subprocess.py:647(Popen)
        5    0.000    0.000    0.000    0.000 __init__.py:131(metaclass)
        1    0.000    0.000    0.000    0.000 extract.py:2(<module>)
        7    0.000    0.000    0.000    0.000 {thread.allocate_lock}
        3    0.000    0.000    0.000    0.000 __init__.py:211(_acquireLock)
       27    0.000    0.000    0.000    0.000 {method 'remove' of 'set' objects}
        1    0.000    0.000    0.000    0.000 matfuncs.py:180(MatrixPowerOperator)
        2    0.000    0.000    0.000    0.000 posixpath.py:61(join)
        1    0.000    0.000    0.000    0.000 dok.py:29(dok_matrix)
        4    0.000    0.000    0.000    0.000 __init__.py:183(_checkLevel)
        1    0.000    0.000    0.000    0.000 spfun_stats.py:34(<module>)
        1    0.000    0.000    0.000    0.000 arraysetops.py:26(<module>)
        1    0.000    0.000    0.000    0.000 polynomial.py:933(poly1d)
        1    0.000    0.000    0.000    0.000 misc.py:318(Counter)
        1    0.000    0.000    0.000    0.000 _procrustes.py:4(<module>)
        1    0.000    0.000    0.000    0.000 _iotools.py:248(NameValidator)
        1    0.000    0.000    0.000    0.000 legendre.py:1770(Legendre)
       39    0.000    0.000    0.000    0.000 decorator.py:91(<lambda>)
        5    0.000    0.000    0.000    0.000 {method 'acquire' of 'thread.lock' objects}
        1    0.000    0.000    0.000    0.000 __init__.py:1399(LoggerAdapter)
        1    0.000    0.000    0.000    0.000 _ode.py:949(dopri5)
        1    0.000    0.000    0.000    0.000 _laplacian.py:3(<module>)
        2    0.000    0.000    0.000    0.000 _util.py:56(__init__)
        2    0.000    0.000    0.000    0.000 getlimits.py:269(max)
       19    0.000    0.000    0.000    0.000 tokenize.py:45(group)
       11    0.000    0.000    0.000    0.000 {method 'endswith' of 'str' objects}
        8    0.000    0.000    0.000    0.000 {zip}
       14    0.000    0.000    0.000    0.000 decorator.py:181(<genexpr>)
        1    0.000    0.000    0.000    0.000 bsr.py:22(bsr_matrix)
        1    0.000    0.000    0.000    0.000 StringIO.py:42(StringIO)
       14    0.000    0.000    0.000    0.000 inspect.py:209(iscode)
        4    0.000    0.000    0.000    0.000 getlimits.py:147(<lambda>)
       14    0.000    0.000    0.000    0.000 {numpy.core.umath.geterrobj}
        1    0.000    0.000    0.000    0.000 _ode.py:103(ode)
        1    0.000    0.000    0.000    0.000 __init__.py:83(<module>)
        1    0.000    0.000    0.000    0.000 _differentialevolution.py:205(DifferentialEvolutionSolver)
        1    0.000    0.000    0.000    0.000 threading.py:1090(__init__)
        1    0.000    0.000    0.000    0.000 linalg.py:139(_commonType)
        3    0.000    0.000    0.000    0.000 index_tricks.py:242(__init__)
        1    0.000    0.000    0.000    0.000 keyword.py:11(<module>)
        1    0.000    0.000    0.000    0.000 ufunclike.py:5(<module>)
        1    0.000    0.000    0.000    0.000 lambertw.py:1(<module>)
        1    0.000    0.000    0.000    0.000 decorator.py:67(FunctionMaker)
        7    0.000    0.000    0.000    0.000 threading.py:64(_note)
        1    0.000    0.000    0.000    0.000 socket.py:239(_fileobject)
        7    0.000    0.000    0.000    0.000 {method 'splitlines' of 'str' objects}
        1    0.000    0.000    0.000    0.000 numbers.py:270(Rational)
        1    0.000    0.000    0.000    0.000 polynomial.py:1493(Polynomial)
        1    0.000    0.000    0.000    0.000 doccer.py:2(<module>)
        9    0.000    0.000    0.000    0.000 extras.py:241(__init__)
        1    0.000    0.000    0.000    0.000 _ode.py:458(complex_ode)
        1    0.000    0.000    0.000    0.000 result.py:26(TestResult)
       19    0.000    0.000    0.000    0.000 {method 'pop' of 'dict' objects}
        1    0.000    0.000    0.000    0.000 arrayterator.py:20(Arrayterator)
        1    0.000    0.000    0.000    0.000 coo.py:21(coo_matrix)
        3    0.000    0.000    0.000    0.000 numeric.py:2818(__exit__)
        1    0.000    0.000    0.000    0.000 core.py:5832(MaskedConstant)
        1    0.000    0.000    0.000    0.000 {method 'flatten' of 'numpy.ndarray' objects}
        1    0.000    0.000    0.000    0.000 {math.exp}
        6    0.000    0.000    0.000    0.000 threading.py:59(__init__)
        1    0.000    0.000    0.000    0.000 numbers.py:295(Integral)
        1    0.000    0.000    0.000    0.000 __init__.py:580(Filterer)
        6    0.000    0.000    0.000    0.000 {method 'insert' of 'list' objects}
        6    0.000    0.000    0.000    0.000 {method 'search' of '_sre.SRE_Pattern' objects}
        1    0.000    0.000    0.000    0.000 interface.py:53(LinearOperator)
        1    0.000    0.000    0.000    0.000 info.py:147(<module>)
        1    0.000    0.000    0.000    0.000 core.py:2473(MaskedIterator)
        2    0.000    0.000    0.000    0.000 {numpy.core.multiarray.set_string_function}
        1    0.000    0.000    0.000    0.000 numerictypes.py:964(_register_types)
        1    0.000    0.000    0.000    0.000 newnext.py:37(<module>)
        1    0.000    0.000    0.000    0.000 __init__.py:1391(__init__)
       26    0.000    0.000    0.000    0.000 {method '__subclasses__' of 'type' objects}
       50    0.000    0.000    0.000    0.000 {_ctypes.sizeof}
        1    0.000    0.000    0.000    0.000 _trustregion.py:14(BaseQuadraticSubproblem)
        1    0.000    0.000    0.000    0.000 _ode.py:677(vode)
        4    0.000    0.000    0.000    0.000 core.py:92(doc_note)
        8    0.000    0.000    0.000    0.000 {thread.get_ident}
        1    0.000    0.000    0.000    0.000 optimize.py:278(wrap_function)
        3    0.000    0.000    0.000    0.000 __init__.py:220(_releaseLock)
        1    0.000    0.000    0.000    0.000 threading.py:576(set)
        1    0.000    0.000    0.000    0.000 newlist.py:34(newlist)
        1    0.000    0.000    0.000    0.000 __init__.py:825(__init__)
        1    0.000    0.000    0.000    0.000 info.py:34(<module>)
        1    0.000    0.000    0.000    0.000 numerictypes.py:781(__getitem__)
        3    0.000    0.000    0.000    0.000 __init__.py:585(__init__)
        6    0.000    0.000    0.001    0.000 <string>:1(non_reentrant)
        1    0.000    0.000    0.000    0.000 extras.py:1546(__init__)
        1    0.000    0.000    0.000    0.000 {sorted}
        1    0.000    0.000    0.000    0.000 hermite_e.py:1747(HermiteE)
        1    0.000    0.000    0.000    0.000 __init__.py:1069(_fixupParents)
        2    0.000    0.000    0.000    0.000 threading.py:242(Condition)
        6    0.000    0.000    0.000    0.000 opcode.py:35(jrel_op)
        1    0.000    0.000    0.000    0.000 fnmatch.py:11(<module>)
        1    0.000    0.000    0.000    0.000 tempfile.py:108(_RandomNameSequence)
        2    0.000    0.000    0.000    0.000 __init__.py:397(__init__)
        1    0.000    0.000    0.000    0.000 extras.py:1476(__init__)
        1    0.000    0.000    0.000    0.000 getlimits.py:194(iinfo)
        1    0.000    0.000    0.000    0.000 nonlin.py:484(Jacobian)
        1    0.000    0.000    0.000    0.000 Image.py:447(_E)
        2    0.000    0.000    0.000    0.000 {math.log10}
       30    0.000    0.000    0.000    0.000 decorator.py:56(__iter__)
        1    0.000    0.000    0.000    0.000 subprocess.py:400(CalledProcessError)
        7    0.000    0.000    0.000    0.000 {vars}
       27    0.000    0.000    0.000    0.000 {method '__subclasshook__' of 'object' objects}
        1    0.000    0.000    0.000    0.000 sputils.py:232(IndexMixin)
        1    0.000    0.000    0.000    0.000 nonlin.py:912(BroydenFirst)
        1    0.000    0.000    0.000    0.000 posixpath.py:358(abspath)
        1    0.000    0.000    0.000    0.000 index_tricks.py:475(ndenumerate)
        1    0.000    0.000    0.000    0.000 csc.py:19(csc_matrix)
        1    0.000    0.000    0.000    0.000 dia.py:17(dia_matrix)
        1    0.000    0.000    0.000    0.000 copy_reg.py:14(pickle)
        2    0.000    0.000    0.000    0.000 tokenize.py:47(maybe)
        1    0.000    0.000    0.000    0.000 data.py:121(_minmax_mixin)
        1    0.000    0.000    0.000    0.000 numerictypes.py:867(<lambda>)
        1    0.000    0.000    0.000    0.000 info.py:83(<module>)
        1    0.000    0.000    0.000    0.000 chebyshev.py:2017(Chebyshev)
        1    0.000    0.000    0.000    0.000 info.py:176(<module>)
        1    0.000    0.000    0.000    0.000 _ode.py:1085(lsoda)
        1    0.000    0.000    0.000    0.000 laguerre.py:1742(Laguerre)
        1    0.000    0.000    0.000    0.000 {_hashlib.openssl_md5}
        1    0.000    0.000    0.000    0.000 _trustregion_dogleg.py:40(DoglegSubproblem)
        2    0.000    0.000    0.000    0.000 numeric.py:1717(set_string_function)
        1    0.000    0.000    0.000    0.000 nonlin.py:693(LowRankMatrix)
        1    0.000    0.000    0.000    0.000 collections.py:395(Counter)
        1    0.000    0.000    0.000    0.000 nonlin.py:1185(DiagBroyden)
        1    0.000    0.000    0.000    0.000 {method 'find' of 'str' objects}
        1    0.000    0.000    0.000    0.000 function_base.py:1529(vectorize)
        1    0.000    0.000    0.000    0.000 __init__.py:353(Formatter)
        1    0.000    0.000    0.000    0.000 info.py:84(<module>)
        1    0.000    0.000    0.000    0.000 csr.py:20(csr_matrix)
        1    0.000    0.000    0.000    0.000 io.py:76(BufferedIOBase)
        1    0.000    0.000    0.000    0.000 nonlin.py:1330(KrylovJacobian)
        1    0.000    0.000    0.000    0.000 matfuncs.py:216(ProductOperator)
        1    0.000    0.000    0.000    0.000 {method 'view' of 'numpy.ndarray' objects}
        1    0.000    0.000    0.000    0.000 atexit.py:37(register)
        1    0.000    0.000    0.000    0.000 interface.py:507(_ProductLinearOperator)
        2    0.000    0.000    0.000    0.000 version.py:3(<module>)
        1    0.000    0.000    0.000    0.000 UserDict.py:4(__init__)
        5    0.000    0.000    0.000    0.000 iterative.py:69(set_docstring)
        1    0.000    0.000    0.000    0.000 {method 'union' of 'set' objects}
        2    0.000    0.000    0.000    0.000 linalg.py:106(_makearray)
        1    0.000    0.000    0.000    0.000 orthogonal.py:126(orthopoly1d)
        1    0.000    0.000    0.000    0.000 difflib.py:44(SequenceMatcher)
        1    0.000    0.000    0.000    0.000 linalg.py:209(_assertNdSquareness)
        1    0.000    0.000    0.000    0.000 _iotools.py:152(LineSplitter)
        1    0.000    0.000    0.000    0.000 core.py:5636(mvoid)
        1    0.000    0.000    0.000    0.000 runner.py:28(TextTestResult)
        4    0.000    0.000    0.000    0.000 core.py:2446(__get__)
        1    0.000    0.000    0.000    0.000 Image.py:1966(_ImageCrop)
        1    0.000    0.000    0.000    0.000 threading.py:400(notifyAll)
        1    0.000    0.000    0.000    0.000 newstr.py:56(BaseNewStr)
        1    0.000    0.000    0.000    0.000 __init__.py:889(FileHandler)
        7    0.000    0.000    0.000    0.000 utils.py:47(_set_function_name)
        1    0.000    0.000    0.000    0.000 tempfile.py:372(_TemporaryFileWrapper)
        1    0.000    0.000    0.000    0.000 nonlin.py:1049(Anderson)
        1    0.000    0.000    0.000    0.000 {posix.sysconf}
        1    0.000    0.000    0.000    0.000 __init__.py:232(RenameImport)
        1    0.000    0.000    0.000    0.000 threading.py:373(notify)
        1    0.000    0.000    0.000    0.000 main.py:63(TestProgram)
        1    0.000    0.000    0.000    0.000 difflib.py:1670(HtmlDiff)
        1    0.000    0.000    0.000    0.000 __init__.py:692(createLock)
        1    0.000    0.000    0.000    0.000 threading.py:423(_Semaphore)
        1    0.000    0.000    0.000    0.000 loader.py:38(TestLoader)
        1    0.000    0.000    0.000    0.000 core.py:5838(__new__)
        1    0.000    0.000    0.000    0.000 arpack.py:960(IterOpInv)
        1    0.000    0.000    0.000    0.000 __init__.py:1296(addHandler)
        1    0.000    0.000    0.000    0.000 _ode.py:877(zvode)
        1    0.000    0.000    0.000    0.000 numeric.py:2824(_setdef)
        1    0.000    0.000    0.000    0.000 warnings.py:343(__enter__)
        1    0.000    0.000    0.000    0.000 ImageFilter.py:127(ModeFilter)
        3    0.000    0.000    0.000    0.000 _version.py:78(_compare_version)
        1    0.000    0.000    0.000    0.000 ImageFilter.py:258(SMOOTH_MORE)
        1    0.000    0.000    0.000    0.000 random.py:655(WichmannHill)
        1    0.000    0.000    0.000    0.000 nonlin.py:552(InverseJacobian)
        1    0.000    0.000    0.000    0.000 optimize.py:75(OptimizeResult)
        1    0.000    0.000    0.000    0.000 _datasource.py:504(Repository)
        1    0.000    0.000    0.000    0.000 warnings.py:322(__init__)
        1    0.000    0.000    0.000    0.000 {method '__array_prepare__' of 'numpy.ndarray' objects}
        1    0.000    0.000    0.000    0.000 core.py:6053(_frommethod)
        1    0.000    0.000    0.000    0.000 io.py:69(IOBase)
        1    0.000    0.000    0.000    0.000 _expm_multiply.py:284(LazyOperatorNormInfo)
        6    0.000    0.000    0.000    0.000 string.py:310(join)
        1    0.000    0.000    0.000    0.000 {time.time}
        1    0.000    0.000    0.000    0.000 random.py:805(SystemRandom)
        1    0.000    0.000    0.000    0.000 {method 'copy' of 'numpy.ndarray' objects}
        1    0.000    0.000    0.000    0.000 __init__.py:428(LibraryLoader)
        1    0.000    0.000    0.000    0.000 _version.py:17(NumpyVersion)
        2    0.000    0.000    0.000    0.000 {method 'lower' of 'str' objects}
        1    0.000    0.000    0.000    0.000 nonlin.py:1272(ExcitingMixing)
        1    0.000    0.000    0.000    0.000 case.py:1020(FunctionTestCase)
        2    0.000    0.000    0.000    0.000 {method 'setter' of 'property' objects}
        1    0.000    0.000    0.000    0.000 linalg.py:101(get_linalg_error_extobj)
        1    0.000    0.000    0.000    0.000 npyio.py:87(NpzFile)
        1    0.000    0.000    0.000    0.000 __init__.py:501(BufferingFormatter)
        1    0.000    0.000    0.000    0.000 threading.py:552(_Event)
        1    0.000    0.000    0.000    0.000 core.py:5999(__init__)
        1    0.000    0.000    0.000    0.000 arpack.py:273(ArpackError)
        1    0.000    0.000    0.000    0.000 ctypeslib.py:150(_ndptr)
        1    0.000    0.000    0.000    0.000 newint.py:22(BaseNewInt)
        1    0.000    0.000    0.000    0.000 __init__.py:231(LogRecord)
        1    0.000    0.000    0.000    0.000 utils.py:998(SafeEval)
        1    0.000    0.000    0.000    0.000 _ode.py:615(IntegratorBase)
        1    0.000    0.000    0.000    0.000 interface.py:620(IdentityOperator)
        1    0.000    0.000    0.000    0.000 _version.py:148(__gt__)
        1    0.000    0.000    0.000    0.000 nonlin.py:1232(LinearMixing)
        1    0.000    0.000    0.000    0.000 UserDict.py:39(keys)
        1    0.000    0.000    0.000    0.000 utils.py:1481(WarningMessage)
        1    0.000    0.000    0.000    0.000 runner.py:119(TextTestRunner)
        1    0.000    0.000    0.000    0.000 socket.py:171(_closedsocket)
        1    0.000    0.000    0.000    0.000 warnings.py:359(__exit__)
        1    0.000    0.000    0.000    0.000 _import_tools.py:8(PackageLoader)
        1    0.000    0.000    0.000    0.000 numeric.py:2747(errstate)
        3    0.000    0.000    0.000    0.000 core.py:747(__init__)
        1    0.000    0.000    0.000    0.000 suite.py:16(BaseTestSuite)
        1    0.000    0.000    0.000    0.000 threading.py:125(_RLock)
        1    0.000    0.000    0.000    0.000 threading.py:255(_Condition)
        1    0.000    0.000    0.000    0.000 index_tricks.py:447(__init__)
        1    0.000    0.000    0.000    0.000 records.py:285(recarray)
        1    0.000    0.000    0.000    0.000 threading.py:542(Event)
        7    0.000    0.000    0.000    0.000 __future__.py:75(__init__)
        4    0.000    0.000    0.000    0.000 __init__.py:104(CFunctionType)
        1    0.000    0.000    0.000    0.000 arpack.py:588(_UnsymmetricArpackParams)
        1    0.000    0.000    0.000    0.000 _basinhopping.py:36(BasinHoppingRunner)
        1    0.000    0.000    0.000    0.000 core.py:2255(_MaskedPrintOption)
        1    0.000    0.000    0.000    0.000 arpack.py:930(IterInv)
        1    0.000    0.000    0.000    0.000 _ode.py:1034(dop853)
        1    0.000    0.000    0.000    0.000 _basinhopping.py:185(AdaptiveStepsize)
        1    0.000    0.000    0.000    0.000 nosetester.py:129(NoseTester)
        1    0.000    0.000    0.000    0.000 _version.py:151(__ge__)
        2    0.000    0.000    0.000    0.000 linalg.py:124(_realType)
        1    0.000    0.000    0.000    0.000 __init__.py:1687(NullHandler)
        1    0.000    0.000    0.000    0.000 _datasource.py:154(DataSource)
        3    0.000    0.000    0.000    0.000 __init__.py:494(CFunctionType)
        1    0.000    0.000    0.000    0.000 {_ctypes.dlopen}
        1    0.000    0.000    0.000    0.000 optimize.py:1690(Brent)
        1    0.000    0.000    0.000    0.000 optimize.py:53(MemoizeJac)
        1    0.000    0.000    0.000    0.000 core.py:6011(__init__)
        1    0.000    0.000    0.000    0.000 _version.py:18(NumpyVersion)
        1    0.000    0.000    0.000    0.000 threading.py:561(__init__)
        1    0.000    0.000    0.000    0.000 lbfgsb.py:359(LbfgsInvHessProduct)
        1    0.000    0.000    0.001    0.001 random.py:91(__init__)
        6    0.000    0.000    0.000    0.000 core.py:779(__init__)
        1    0.000    0.000    0.000    0.000 arpack.py:370(_SymmetricArpackParams)
        1    0.000    0.000    0.000    0.000 UserDict.py:58(get)
        1    0.000    0.000    0.000    0.000 signals.py:9(_InterruptHandler)
        1    0.000    0.000    0.000    0.000 contextlib.py:9(GeneratorContextManager)
        1    0.000    0.000    0.000    0.000 extras.py:1530(mr_class)
        1    0.000    0.000    0.000    0.000 numbers.py:13(Number)
        1    0.000    0.000    0.000    0.000 contextlib.py:132(closing)
        1    0.000    0.000    0.000    0.000 newlist.py:26(BaseNewList)
        1    0.000    0.000    0.000    0.000 ImageFilter.py:145(GaussianBlur)
        1    0.000    0.000    0.000    0.000 arrayprint.py:743(TimedeltaFormat)
        1    0.000    0.000    0.000    0.000 {numpy.core.multiarray.set_typeDict}
        1    0.000    0.000    0.000    0.000 tokenize.py:179(Untokenizer)
        1    0.000    0.000    0.000    0.000 core.py:131(MaskError)
        1    0.000    0.000    0.000    0.000 {_hashlib.openssl_sha224}
        1    0.000    0.000    0.000    0.000 getlimits.py:24(finfo)
        1    0.000    0.000    0.000    0.000 core.py:2404(_arraymethod)
        1    0.000    0.000    0.000    0.000 shutil.py:38(ExecError)
        1    0.000    0.000    0.000    0.000 arrayprint.py:532(FloatFormat)
        1    0.000    0.000    0.000    0.000 __init__.py:14(<module>)
        1    0.000    0.000    0.000    0.000 utils.py:1701(IgnoreException)
        1    0.000    0.000    0.000    0.000 tokenize.py:148(StopTokenizing)
        1    0.000    0.000    0.000    0.000 {_hashlib.openssl_sha384}
        1    0.000    0.000    0.000    0.000 Image.py:38(_imaging_not_installed)
        1    0.000    0.000    0.000    0.000 threading.py:300(_is_owned)
        1    0.000    0.000    0.000    0.000 arrayprint.py:688(LongComplexFormat)
        1    0.000    0.000    0.000    0.000 {method 'squeeze' of 'numpy.ndarray' objects}
        1    0.000    0.000    0.000    0.000 _basinhopping.py:14(Storage)
        1    0.000    0.000    0.000    0.000 memmap.py:23(memmap)
        1    0.000    0.000    0.000    0.000 threading.py:1088(_MainThread)
        1    0.000    0.000    0.000    0.000 decimal.py:298(Rounded)
        3    0.000    0.000    0.000    0.000 core.py:796(__init__)
        1    0.000    0.000    0.000    0.000 records.py:84(format_parser)
        1    0.000    0.000    0.000    0.000 _matfuncs_sqrtm.py:20(SqrtmError)
        2    0.000    0.000    0.000    0.000 sre_parse.py:224(isdigit)
        7    0.000    0.000    0.000    0.000 case.py:609(_deprecate)
        1    0.000    0.000    0.000    0.000 interface.py:589(MatrixLinearOperator)
        1    0.000    0.000    0.000    0.000 basic.py:39(SpecialFunctionWarning)
        1    0.000    0.000    0.000    0.000 _datasource.py:74(__init__)
        1    0.000    0.000    0.000    0.000 arpack.py:282(ArpackNoConvergence)
        1    0.000    0.000    0.000    0.000 utils.py:52(_Deprecate)
        1    0.000    0.000    0.000    0.000 __init__.py:1385(RootLogger)
        1    0.000    0.000    0.000    0.000 core.py:767(__init__)
        1    0.000    0.000    0.000    0.000 __init__.py:226(c_ubyte)
        1    0.000    0.000    0.000    0.000 decimal.py:250(DivisionImpossible)
        1    0.000    0.000    0.000    0.000 core.py:6009(_maximum_operation)
        1    0.000    0.000    0.000    0.000 arpack.py:892(SpLuInv)
        1    0.000    0.000    0.000    0.000 threading.py:789(_set_ident)
        4    0.000    0.000    0.000    0.000 six.py:67(_add_doc)
        1    0.000    0.000    0.000    0.000 threading.py:1058(_Timer)
        1    0.000    0.000    0.000    0.000 ImageFilter.py:195(CONTOUR)
        1    0.000    0.000    0.000    0.000 suite.py:78(TestSuite)
        1    0.000    0.000    0.000    0.000 ImageFilter.py:99(MinFilter)
        1    0.000    0.000    0.000    0.000 {_ctypes.set_conversion_mode}
        1    0.000    0.000    0.000    0.000 __init__.py:818(StreamHandler)
        1    0.000    0.000    0.000    0.000 __init__.py:124(VisibleDeprecationWarning)
        1    0.000    0.000    0.000    0.000 decimal.py:234(DivisionByZero)
        1    0.000    0.000    0.000    0.000 ImageFilter.py:240(FIND_EDGES)
        1    0.000    0.000    0.000    0.000 runner.py:12(_WritelnDecorator)
        1    0.000    0.000    0.000    0.000 ImageFilter.py:204(DETAIL)
        1    0.000    0.000    0.000    0.000 _datasource.py:50(_FileOpeners)
        1    0.000    0.000    0.000    0.000 shutil.py:34(SpecialFileError)
        1    0.000    0.000    0.000    0.000 decimal.py:5673(_Log10Memoize)
        1    0.000    0.000    0.000    0.000 newbytes.py:24(BaseNewBytes)
        1    0.000    0.000    0.000    0.000 decimal.py:160(DecimalException)
        2    0.000    0.000    0.000    0.000 {method 'clear' of 'dict' objects}
        1    0.000    0.000    0.000    0.000 index_tricks.py:470(__init__)
        1    0.000    0.000    0.000    0.000 pprint.py:84(PrettyPrinter)
        1    0.000    0.000    0.000    0.000 _basinhopping.py:282(Metropolis)
        1    0.000    0.000    0.000    0.000 pickle.py:1261(_EmptyClass)
        1    0.000    0.000    0.000    0.000 polyutils.py:62(PolyError)
        1    0.000    0.000    0.000    0.000 threading.py:57(_Verbose)
        1    0.000    0.000    0.000    0.000 __init__.py:243(c_char_p)
        1    0.000    0.000    0.000    0.000 decimal.py:183(Clamped)
        1    0.000    0.000    0.000    0.000 ImageFilter.py:249(SMOOTH)
        1    0.000    0.000    0.000    0.000 __init__.py:233(c_byte)
        1    0.000    0.000    0.000    0.000 __init__.py:961(PlaceHolder)
        3    0.000    0.000    0.000    0.000 UserDict.py:70(__contains__)
        1    0.000    0.000    0.000    0.000 npyio.py:40(BagObj)
        1    0.000    0.000    0.000    0.000 __init__.py:302(hooks)
        1    0.000    0.000    0.000    0.000 core.py:739(_DomainCheckInterval)
        1    0.000    0.000    0.000    0.000 interface.py:557(_PowerLinearOperator)
        1    0.000    0.000    0.000    0.000 pickle.py:62(PicklingError)
        1    0.000    0.000    0.000    0.000 {math.sqrt}
        1    0.000    0.000    0.000    0.000 misc.py:86(_Link)
        1    0.000    0.000    0.000    0.000 __init__.py:401(suspend_hooks)
        1    0.000    0.000    0.000    0.000 ImageMode.py:23(ModeDescriptor)
        1    0.000    0.000    0.000    0.000 __future__.py:74(_Feature)
        6    0.000    0.000    0.000    0.000 opcode.py:39(jabs_op)
        1    0.000    0.000    0.000    0.000 linalg.py:43(LinAlgError)
        1    0.000    0.000    0.000    0.000 interface.py:482(_SumLinearOperator)
        1    0.000    0.000    0.000    0.000 newdict.py:37(newdict)
        1    0.000    0.000    0.000    0.000 threading.py:1097(_set_daemon)
        1    0.000    0.000    0.000    0.000 _basinhopping.py:252(RandomDisplacement)
        1    0.000    0.000    0.000    0.000 difflib.py:764(Differ)
        1    0.000    0.000    0.000    0.000 case.py:34(_ExpectedFailure)
        9    0.000    0.000    0.000    0.000 {method 'end' of '_sre.SRE_Match' objects}
        1    0.000    0.000    0.000    0.000 odepack.py:10(ODEintWarning)
        1    0.000    0.000    0.000    0.000 posixpath.py:52(isabs)
        1    0.000    0.000    0.000    0.000 arrayprint.py:715(DatetimeFormat)
        1    0.000    0.000    0.000    0.000 _util.py:38(DeprecatedImport)
        1    0.000    0.000    0.000    0.000 __init__.py:112(ModuleDeprecationWarning)
        1    0.000    0.000    0.000    0.000 nonlin.py:417(TerminationCondition)
        1    0.000    0.000    0.000    0.000 <string>:2(<module>)
        1    0.000    0.000    0.000    0.000 decimal.py:284(InvalidContext)
        2    0.000    0.000    0.000    0.000 {method 'values' of 'dict' objects}
        1    0.000    0.000    0.000    0.000 nonlin.py:1005(BroydenSecond)
        1    0.000    0.000    0.000    0.000 index_tricks.py:525(ndindex)
        1    0.000    0.000    0.000    0.000 _iotools.py:448(ConverterLockError)
        1    0.000    0.000    0.000    0.000 core.py:894(_MaskedBinaryOperation)
        1    0.000    0.000    0.000    0.000 io.py:79(TextIOBase)
        1    0.000    0.000    0.000    0.000 _iotools.py:455(ConversionWarning)
        1    0.000    0.000    0.000    0.000 _util.py:22(deferred_error)
        1    0.000    0.000    0.000    0.000 core.py:7278(_convert2ma)
        1    0.000    0.000    0.000    0.000 arpack.py:300(_ArpackParams)
        1    0.000    0.000    0.000    0.000 Image.py:2007(ImageTransformHandler)
        1    0.000    0.000    0.000    0.000 index_tricks.py:603(IndexExpression)
        1    0.000    0.000    0.000    0.000 decimal.py:321(Overflow)
        1    0.000    0.000    0.000    0.000 polyutils.py:79(PolyBase)
        1    0.000    0.000    0.000    0.000 threading.py:515(_BoundedSemaphore)
        1    0.000    0.000    0.000    0.000 core.py:794(_DomainGreater)
        1    0.000    0.000    0.000    0.000 index_tricks.py:87(nd_grid)
        1    0.000    0.000    0.000    0.000 pickle.py:58(PickleError)
        1    0.000    0.000    0.000    0.000 ImageFilter.py:25(Kernel)
        1    0.000    0.000    0.000    0.000 records.py:215(record)
        1    0.000    0.000    0.000    0.000 quadpack.py:722(_NQuad)
        1    0.000    0.000    0.000    0.000 newrange.py:146(range_iterator)
        1    0.000    0.000    0.000    0.000 io.py:73(RawIOBase)
        1    0.000    0.000    0.000    0.000 __init__.py:543(Filter)
        1    0.000    0.000    0.000    0.000 _inspect.py:162(<lambda>)
        1    0.000    0.000    0.000    0.000 _spectral.py:13(_NoConvergence)
        1    0.000    0.000    0.000    0.000 interface.py:439(_CustomLinearOperator)
        1    0.000    0.000    0.000    0.000 linesearch.py:26(LineSearchWarning)
        1    0.000    0.000    0.000    0.000 newobject.py:59(newobject)
        1    0.000    0.000    0.000    0.000 __init__.py:168(c_short)
        1    0.000    0.000    0.000    0.000 _version.py:136(__lt__)
        1    0.000    0.000    0.000    0.000 base.py:15(SparseWarning)
        1    0.000    0.000    0.000    0.000 decimal.py:5419(_WorkRep)
        1    0.000    0.000    0.000    0.000 ImageFilter.py:231(EMBOSS)
        1    0.000    0.000    0.000    0.000 __init__.py:388(PyDLL)
        1    0.000    0.000    0.000    0.000 arpack.py:915(LuInv)
        1    0.000    0.000    0.000    0.000 __init__.py:193(c_uint)
        2    0.000    0.000    0.000    0.000 _onenormest.py:109(_blocked_elementwise)
        1    0.000    0.000    0.000    0.000 decimal.py:3749(_ContextManager)
        1    0.000    0.000    0.000    0.000 decimal.py:359(Underflow)
        1    0.000    0.000    0.000    0.000 __init__.py:359(_FuncPtr)
        1    0.000    0.000    0.000    0.000 decimal.py:5677(__init__)
        1    0.000    0.000    0.000    0.000 ImageFilter.py:85(MedianFilter)
        1    0.000    0.000    0.000    0.000 posixpath.py:44(normcase)
        1    0.000    0.000    0.000    0.000 interface.py:533(_ScaledLinearOperator)
        1    0.000    0.000    0.000    0.000 suite.py:252(_ErrorHolder)
        2    0.000    0.000    0.000    0.000 index_tricks.py:647(__init__)
        1    0.000    0.000    0.000    0.000 index_tricks.py:352(RClass)
        1    0.000    0.000    0.000    0.000 _endian.py:49(BigEndianStructure)
        1    0.000    0.000    0.000    0.000 arrayprint.py:658(LongFloatFormat)
        1    0.000    0.000    0.000    0.000 __init__.py:737(exclude_local_folder_imports)
        1    0.000    0.000    0.000    0.000 index_tricks.py:452(CClass)
        1    0.000    0.000    0.000    0.000 __init__.py:180(c_ulong)
        1    0.000    0.000    0.000    0.000 base.py:23(SparseEfficiencyWarning)
        1    0.000    0.000    0.000    0.000 __init__.py:176(c_long)
        1    0.000    0.000    0.000    0.000 ImageFilter.py:159(UnsharpMask)
        1    0.000    0.000    0.000    0.000 nonlin.py:137(NoConvergence)
        1    0.000    0.000    0.000    0.000 newdict.py:29(BaseNewDict)
        1    0.000    0.000    0.000    0.000 six.py:53(X)
        1    0.000    0.000    0.000    0.000 interface.py:605(_AdjointMatrixOperator)
        1    0.000    0.000    0.000    0.000 _iotools.py:441(ConverterError)
        1    0.000    0.000    0.000    0.000 decorator.py:47(getfullargspec)
        1    0.000    0.000    0.000    0.000 numeric.py:2743(_unspecified)
        1    0.000    0.000    0.000    0.000 tokenize.py:46(any)
        1    0.000    0.000    0.000    0.000 linalg.py:198(_assertRankAtLeast2)
        1    0.000    0.000    0.000    0.000 index_tricks.py:223(AxisConcatenator)
        1    0.000    0.000    0.000    0.000 _internal.py:217(_missing_ctypes)
        3    0.000    0.000    0.000    0.000 _inspect.py:161(<lambda>)
        1    0.000    0.000    0.000    0.000 inspect.py:632(BlockFinder)
        1    0.000    0.000    0.000    0.000 quadpack.py:713(_OptFunc)
        1    0.000    0.000    0.000    0.000 {method 'disable' of '_lsprof.Profiler' objects}
        2    0.000    0.000    0.000    0.000 index_tricks.py:148(__init__)
        1    0.000    0.000    0.000    0.000 extras.py:224(_fromnxfunction)
        2    0.000    0.000    0.000    0.000 misc.py:55(recursive_repr)
        1    0.000    0.000    0.000    0.000 machar.py:17(MachAr)
        1    0.000    0.000    0.000    0.000 __init__.py:159(py_object)
        1    0.000    0.000    0.000    0.000 ImageFilter.py:222(EDGE_ENHANCE_MORE)
        1    0.000    0.000    0.000    0.000 core.py:1039(_DomainedBinaryOperation)
        1    0.000    0.000    0.000    0.000 _import_tools.py:336(PackageLoaderDebug)
        1    0.000    0.000    0.000    0.000 arrayprint.py:638(IntegerFormat)
        1    0.000    0.000    0.000    0.000 stride_tricks.py:14(DummyArray)
        1    0.000    0.000    0.000    0.000 pickle.py:69(UnpicklingError)
        1    0.000    0.000    0.000    0.000 {_hashlib.openssl_sha1}
        1    0.000    0.000    0.000    0.000 inspect.py:630(EndOfBlock)
        1    0.000    0.000    0.000    0.000 __init__.py:291(c_wchar_p)
        1    0.000    0.000    0.000    0.000 ImageFilter.py:213(EDGE_ENHANCE)
        1    0.000    0.000    0.000    0.000 numeric.py:52(ComplexWarning)
        1    0.000    0.000    0.000    0.000 ImageFilter.py:21(Filter)
        1    0.000    0.000    0.000    0.000 numerictypes.py:773(_typedict)
        1    0.000    0.000    0.000    0.000 core.py:5942(_extrema_operation)
        1    0.000    0.000    0.000    0.000 ImageFilter.py:269(SHARPEN)
        1    0.000    0.000    0.000    0.000 case.py:45(_UnexpectedSuccess)
        1    0.000    0.000    0.000    0.000 zeros.py:20(RootResults)
        1    0.000    0.000    0.000    0.000 ImageFilter.py:62(RankFilter)
        1    0.000    0.000    0.000    0.000 _trustregion_ncg.py:44(CGSteihaugSubproblem)
        1    0.000    0.000    0.000    0.000 polyutils.py:58(RankWarning)
        1    0.000    0.000    0.000    0.000 decimal.py:195(InvalidOperation)
        1    0.000    0.000    0.000    0.000 polynomial.py:21(RankWarning)
        1    0.000    0.000    0.000    0.000 {locals}
        1    0.000    0.000    0.000    0.000 core.py:5997(_minimum_operation)
        1    0.000    0.000    0.000    0.000 ImageFilter.py:57(BuiltinFilter)
        1    0.000    0.000    0.000    0.000 arrayprint.py:699(ComplexFormat)
        1    0.000    0.000    0.000    0.000 __init__.py:197(c_float)
        1    0.000    0.000    0.000    0.000 base.py:19(SparseFormatWarning)
        1    0.000    0.000    0.000    0.000 decimal.py:261(DivisionUndefined)
        1    0.000    0.000    0.000    0.000 polyutils.py:66(PolyDomainError)
        2    0.000    0.000    0.000    0.000 core.py:808(__init__)
        1    0.000    0.000    0.000    0.000 core.py:5841(__array_finalize__)
        1    0.000    0.000    0.000    0.000 case.py:98(_AssertRaisesContext)
        1    0.000    0.000    0.000    0.000 core.py:2260(__init__)
        1    0.000    0.000    0.000    0.000 _basinhopping.py:266(MinimizerWrapper)
        1    0.000    0.000    0.000    0.000 core.py:817(_MaskedUnaryOperation)
        1    0.000    0.000    0.000    0.000 {_hashlib.openssl_sha256}
        1    0.000    0.000    0.000    0.000 __init__.py:294(c_wchar)
        1    0.000    0.000    0.000    0.000 shutil.py:31(Error)
        1    0.000    0.000    0.000    0.000 case.py:25(SkipTest)
        1    0.000    0.000    0.000    0.000 {method 'lstrip' of 'str' objects}
        1    0.000    0.000    0.000    0.000 quadpack.py:700(_RangeFunc)
        1    0.000    0.000    0.000    0.000 threading.py:1128(_DummyThread)
        1    0.000    0.000    0.000    0.000 ImageFilter.py:184(BLUR)
        1    0.000    0.000    0.000    0.000 decimal.py:310(Subnormal)
        1    0.000    0.000    0.000    0.000 core.py:806(_DomainGreaterEqual)
        1    0.000    0.000    0.000    0.000 Image.py:2002(ImagePointHandler)
        1    0.000    0.000    0.000    0.000 __init__.py:255(c_void_p)
        1    0.000    0.000    0.000    0.000 copy_reg.py:27(constructor)
        1    0.000    0.000    0.000    0.000 tokenize.py:146(TokenError)
        1    0.000    0.000    0.000    0.000 __init__.py:1137(setLevel)
        1    0.000    0.000    0.000    0.000 Image.py:34(DecompressionBombWarning)
        1    0.000    0.000    0.000    0.000 quadpack.py:20(IntegrationWarning)
        1    0.000    0.000    0.000    0.000 _ode.py:601(IntegratorConcurrencyError)
        1    0.000    0.000    0.000    0.000 six.py:54(__len__)
        1    0.000    0.000    0.000    0.000 linsolve.py:24(MatrixRankWarning)
        1    0.000    0.000    0.000    0.000 decimal.py:272(Inexact)
        1    0.000    0.000    0.000    0.000 optimize.py:676(_LineSearchError)
        1    0.000    0.000    0.000    0.000 extras.py:1464(MAxisConcatenator)
        1    0.000    0.000    0.000    0.000 quadrature.py:17(AccuracyWarning)
        1    0.000    0.000    0.000    0.000 __init__.py:201(c_double)
        1    0.000    0.000    0.000    0.000 __init__.py:189(c_int)
        1    0.000    0.000    0.000    0.000 decimal.py:224(ConversionSyntax)
        1    0.000    0.000    0.000    0.000 __init__.py:238(c_char)
        1    0.000    0.000    0.000    0.000 optimize.py:126(OptimizeWarning)
        1    0.000    0.000    0.000    0.000 __init__.py:205(c_longdouble)
        1    0.000    0.000    0.000    0.000 {_hashlib.openssl_sha512}
        1    0.000    0.000    0.000    0.000 _endian.py:26(_swapped_meta)
        2    0.000    0.000    0.000    0.000 __init__.py:429(__init__)
        1    0.000    0.000    0.000    0.000 core.py:128(MAError)
        1    0.000    0.000    0.000    0.000 ImageFilter.py:113(MaxFilter)
        1    0.000    0.000    0.000    0.000 __init__.py:762(setFormatter)
        1    0.000    0.000    0.000    0.000 suite.py:299(_DebugResult)
        1    0.000    0.000    0.000    0.000 core.py:777(_DomainSafeDivide)
        1    0.000    0.000    0.000    0.000 six.py:136(Iterator)
        1    0.000    0.000    0.000    0.000 __init__.py:172(c_ushort)
        1    0.000    0.000    0.000    0.000 __init__.py:260(c_bool)
        1    0.000    0.000    0.000    0.000 pickle.py:82(_Stop)


